0 info it worked if it ends with ok
1 verbose cli [ 'F:\\vpn\\node.exe',
1 verbose cli   'F:\\vpn\\node_modules\\npm\\bin\\npm-cli.js',
1 verbose cli   'install',
1 verbose cli   'amazeui-swiper' ]
2 info using npm@4.1.2
3 info using node@v7.5.0
4 silly loadCurrentTree Starting
5 silly install loadCurrentTree
6 silly install readLocalPackageData
7 silly rollbackFailedOptional Starting
8 silly rollbackFailedOptional Finishing
9 silly runTopLevelLifecycles Finishing
10 silly install printInstalled
11 verbose stack Error: Failed to parse json
11 verbose stack No data, empty input at 1:1
11 verbose stack
11 verbose stack ^
11 verbose stack     at parseError (F:\vpn\node_modules\npm\node_modules\read-package-json\read-json.js:390:11)
11 verbose stack     at parseJson (F:\vpn\node_modules\npm\node_modules\read-package-json\read-json.js:79:23)
11 verbose stack     at F:\vpn\node_modules\npm\node_modules\read-package-json\read-json.js:48:5
11 verbose stack     at F:\vpn\node_modules\npm\node_modules\graceful-fs\graceful-fs.js:78:16
11 verbose stack     at tryToString (fs.js:426:3)
11 verbose stack     at FSReqWrap.readFileAfterClose [as oncomplete] (fs.js:413:12)
12 verbose cwd D:\新建文件夹 (2)\练习\练习大全\Exercise\text-4
13 error Windows_NT 6.1.7601
14 error argv "F:\\vpn\\node.exe" "F:\\vpn\\node_modules\\npm\\bin\\npm-cli.js" "install" "amazeui-swiper"
15 error node v7.5.0
16 error npm  v4.1.2
17 error file D:\新建文件夹 (2)\练习\练习大全\Exercise\text-4\package.json
18 error code EJSONPARSE
19 error Failed to parse json
19 error No data, empty input at 1:1
19 error
19 error ^
20 error File: D:\新建文件夹 (2)\练习\练习大全\Exercise\text-4\package.json
21 error Failed to parse package.json data.
21 error package.json must be actual JSON, not just JavaScript.
21 error
21 error This is not a bug in npm.
21 error Tell the package author to fix their package.json file. JSON.parse
22 verbose exit [ 1, true ]
